<?xml version="1.0" encoding="UTF-8"?>
<!-- Generated by org.testng.reporters.JUnitReportReporter -->
<testsuite hostname="DESKTOP-MHPIMKC" failures="0" tests="2" name="TestNGAnnotationsDemo.AnnotationsDemo" time="0.012" errors="0" timestamp="2021-07-03T17:45:46 IST" skipped="0">
  <testcase classname="TestNGAnnotationsDemo.AnnotationsDemo" name="test2" time="0.002"/>
  <system-out/>
  <testcase classname="TestNGAnnotationsDemo.AnnotationsDemo" name="test1" time="0.010"/>
  <system-out/>
</testsuite> <!-- TestNGAnnotationsDemo.AnnotationsDemo -->
