<?xml version="1.0" encoding="UTF-8"?>
<!-- Generated by org.testng.reporters.JUnitReportReporter -->
<testsuite hostname="DESKTOP-MHPIMKC" failures="0" tests="5" name="parametrization.DataFromExcelDemo" time="0.023" errors="0" timestamp="2021-07-08T10:18:07 IST" skipped="0">
  <testcase classname="parametrization.DataFromExcelDemo" name="validateDataFromExcel" time="0.002"/>
  <system-out/>
  <testcase classname="parametrization.DataFromExcelDemo" name="validateDataFromExcel" time="0.004"/>
  <system-out/>
  <testcase classname="parametrization.DataFromExcelDemo" name="validateDataFromExcel" time="0.003"/>
  <system-out/>
  <testcase classname="parametrization.DataFromExcelDemo" name="validateDataFromExcel" time="0.002"/>
  <system-out/>
  <testcase classname="parametrization.DataFromExcelDemo" name="validateDataFromExcel" time="0.012"/>
  <system-out/>
</testsuite> <!-- parametrization.DataFromExcelDemo -->
