<?xml version="1.0" encoding="UTF-8"?>
<!-- Generated by org.testng.reporters.JUnitReportReporter -->
<testsuite hostname="DESKTOP-MHPIMKC" failures="0" tests="2" name="TestNGAnnotationsDemo.DemoAnnot" time="4.998" errors="0" timestamp="2021-07-05T18:36:16 IST" skipped="0">
  <testcase classname="TestNGAnnotationsDemo.DemoAnnot" name="validateLoginPageLogo" time="3.421"/>
  <system-out/>
  <testcase classname="TestNGAnnotationsDemo.DemoAnnot" name="validateFacebookTitle" time="1.577"/>
  <system-out/>
</testsuite> <!-- TestNGAnnotationsDemo.DemoAnnot -->
