<?xml version="1.0" encoding="UTF-8"?>
<!-- Generated by org.testng.reporters.JUnitReportReporter -->
<testsuite hostname="DESKTOP-MHPIMKC" failures="0" tests="1" name="parametrization.Sample2" time="22.728" errors="0" timestamp="2021-07-07T18:38:31 IST" skipped="0">
  <testcase classname="parametrization.Sample2" name="loginTest" time="22.728"/>
  <system-out/>
</testsuite> <!-- parametrization.Sample2 -->
