<?xml version="1.0" encoding="UTF-8"?>
<!-- Generated by org.testng.reporters.JUnitReportReporter -->
<testsuite hostname="DESKTOP-MHPIMKC" failures="0" tests="17" name="parametrization.Sample3" time="0.084" errors="0" timestamp="2021-07-08T09:45:48 IST" skipped="0">
  <testcase classname="parametrization.Sample3" name="validateDataFromMultiArr" time="0.002"/>
  <system-out/>
  <testcase classname="parametrization.Sample3" name="validateData" time="0.012"/>
  <system-out/>
  <testcase classname="parametrization.Sample3" name="validateDataFromItr" time="0.006"/>
  <system-out/>
  <testcase classname="parametrization.Sample3" name="validateData" time="0.008"/>
  <system-out/>
  <testcase classname="parametrization.Sample3" name="validateDataFromMultiArr" time="0.003"/>
  <system-out/>
  <testcase classname="parametrization.Sample3" name="validateDataFromItr" time="0.016"/>
  <system-out/>
  <testcase classname="parametrization.Sample3" name="validateDataFromMultiArr" time="0.004"/>
  <system-out/>
  <testcase classname="parametrization.Sample3" name="validateDataFromItr" time="0.007"/>
  <system-out/>
  <testcase classname="parametrization.Sample3" name="validateData" time="0.002"/>
  <system-out/>
  <testcase classname="parametrization.Sample3" name="validateDataFromItrObjArr" time="0.007"/>
  <system-out/>
  <testcase classname="parametrization.Sample3" name="validateDataFromItrObjArr" time="0.004"/>
  <system-out/>
  <testcase classname="parametrization.Sample3" name="validateData" time="0.002"/>
  <system-out/>
  <testcase classname="parametrization.Sample3" name="validateDataFromItrObjArr" time="0.002"/>
  <system-out/>
  <testcase classname="parametrization.Sample3" name="validateDataFromItr" time="0.003"/>
  <system-out/>
  <testcase classname="parametrization.Sample3" name="validateData" time="0.002"/>
  <system-out/>
  <testcase classname="parametrization.Sample3" name="validateDataFromItrObjArr" time="0.002"/>
  <system-out/>
  <testcase classname="parametrization.Sample3" name="validateDataFromMultiArr" time="0.002"/>
  <system-out/>
</testsuite> <!-- parametrization.Sample3 -->
