<?xml version="1.0" encoding="UTF-8"?>
<!-- Generated by org.testng.reporters.JUnitReportReporter -->
<testsuite hostname="DESKTOP-MHPIMKC" failures="0" tests="4" name="Basics.Sample2Test" time="0.005" errors="0" timestamp="2021-07-03T17:45:46 IST" skipped="0">
  <testcase classname="Basics.Sample2Test" name="closeAll" time="0.002"/>
  <system-out/>
  <testcase classname="Basics.Sample2Test" name="homePageTest" time="0.001"/>
  <system-out/>
  <testcase classname="Basics.Sample2Test" name="productPageTest" time="0.002"/>
  <system-out/>
  <testcase classname="Basics.Sample2Test" name="loginTest" time="0.000"/>
  <system-out/>
</testsuite> <!-- Basics.Sample2Test -->
