<?xml version="1.0" encoding="UTF-8"?>
<!-- Generated by org.testng.reporters.JUnitReportReporter -->
<testsuite hostname="DESKTOP-MHPIMKC" failures="0" tests="3" name="Basics.SampleTest" time="0.006" errors="0" timestamp="2021-07-03T17:45:46 IST" skipped="0">
  <testcase classname="Basics.SampleTest" name="test3" time="0.002"/>
  <system-out/>
  <testcase classname="Basics.SampleTest" name="test1" time="0.001"/>
  <system-out/>
  <testcase classname="Basics.SampleTest" name="test2" time="0.003"/>
  <system-out/>
</testsuite> <!-- Basics.SampleTest -->
