<?xml version="1.0" encoding="UTF-8"?>
<!-- Generated by org.testng.reporters.JUnitReportReporter -->
<testsuite hostname="DESKTOP-MHPIMKC" failures="0" tests="5" name="KeywordsDemo.InvocationCountDemo" time="0.017" errors="0" timestamp="2021-07-03T17:45:46 IST" skipped="0">
  <testcase classname="KeywordsDemo.InvocationCountDemo" name="loginTest" time="0.008"/>
  <system-out/>
  <testcase classname="KeywordsDemo.InvocationCountDemo" name="homePageTest" time="0.002"/>
  <system-out/>
  <testcase classname="KeywordsDemo.InvocationCountDemo" name="homePageTest" time="0.003"/>
  <system-out/>
  <testcase classname="KeywordsDemo.InvocationCountDemo" name="homePageTest" time="0.002"/>
  <system-out/>
  <testcase classname="KeywordsDemo.InvocationCountDemo" name="productPageTest" time="0.002"/>
  <system-out/>
</testsuite> <!-- KeywordsDemo.InvocationCountDemo -->
