<?xml version="1.0" encoding="UTF-8"?>
<!-- Generated by org.testng.reporters.JUnitReportReporter -->
<testsuite hostname="DESKTOP-MHPIMKC" failures="0" tests="4" name="KeywordsDemo.EnabledDemo" time="0.015" errors="0" timestamp="2021-07-03T17:45:46 IST" skipped="1">
  <testcase classname="KeywordsDemo.EnabledDemo" name="loginTest" time="0.003"/>
  <system-out/>
  <testcase classname="KeywordsDemo.EnabledDemo" name="homePageTest" time="0.004"/>
  <system-out/>
  <testcase classname="KeywordsDemo.EnabledDemo" name="closeAll" time="0.008"/>
  <system-out/>
  <testcase classname="KeywordsDemo.EnabledDemo" name="productPageTest">
    <skipped/>
  </testcase> <!-- productPageTest -->
  <system-out/>
</testsuite> <!-- KeywordsDemo.EnabledDemo -->
