<?xml version="1.0" encoding="UTF-8"?>
<!-- Generated by org.testng.reporters.JUnitReportReporter -->
<testsuite hostname="DESKTOP-MHPIMKC" failures="0" tests="2" name="Demo_Groups.Sample1" time="0.029" errors="0" timestamp="2021-07-07T09:56:46 IST" skipped="0">
  <testcase classname="Demo_Groups.Sample1" name="test1" time="0.026"/>
  <system-out/>
  <testcase classname="Demo_Groups.Sample1" name="test3" time="0.003"/>
  <system-out/>
</testsuite> <!-- Demo_Groups.Sample1 -->
